[2024-09-17T11:40:08.266531+00:00] main.ERROR: Laminas\Mail\Transport\Exception\RuntimeException: Unable to send mail: Unknown error in /var/www/html/vendor/laminas/laminas-mail/src/Transport/Sendmail.php:313
Stack trace:
#0 /var/www/html/vendor/laminas/laminas-mail/src/Transport/Sendmail.php(150): Laminas\Mail\Transport\Sendmail->mailHandler('=?utf-8?Q?jasim...', '=?UTF-8?Q?Your=...', '<!DOCTYPE html ...', 'Date: Tue, 17 S...', ' -f'sales@examp...')
#1 /var/www/html/vendor/magento/module-email/Model/Transport.php(183): Laminas\Mail\Transport\Sendmail->send(Object(Laminas\Mail\Message))
#2 /var/www/html/vendor/magento/framework/Interception/Interceptor.php(58): Magento\Email\Model\Transport->sendMessage()
#3 /var/www/html/vendor/magento/framework/Interception/Interceptor.php(138): Magento\Email\Model\Transport\Interceptor->___callParent('sendMessage', Array)
#4 /var/www/html/vendor/magento/module-customer-sample-data/Magento/Framework/Mail/Transport/MailPlugin.php(32): Magento\Email\Model\Transport\Interceptor->Magento\Framework\Interception\{closure}()
#5 /var/www/html/vendor/magento/framework/Interception/Interceptor.php(135): Magento\CustomerSampleData\Magento\Framework\Mail\Transport\MailPlugin->aroundSendMessage(Object(Magento\Email\Model\Transport\Interceptor), Object(Closure))
#6 /var/www/html/vendor/magento/module-email/Model/Mail/TransportInterfacePlugin.php(48): Magento\Email\Model\Transport\Interceptor->Magento\Framework\Interception\{closure}()
#7 /var/www/html/vendor/magento/framework/Interception/Interceptor.php(135): Magento\Email\Model\Mail\TransportInterfacePlugin->aroundSendMessage(Object(Magento\Email\Model\Transport\Interceptor), Object(Closure))
#8 /var/www/html/vendor/magento/framework/Interception/Interceptor.php(153): Magento\Email\Model\Transport\Interceptor->Magento\Framework\Interception\{closure}()
#9 /var/www/html/generated/code/Magento/Email/Model/Transport/Interceptor.php(32): Magento\Email\Model\Transport\Interceptor->___callPlugins('sendMessage', Array, NULL)
#10 /var/www/html/vendor/magento/module-sales/Model/Order/Email/SenderBuilder.php(75): Magento\Email\Model\Transport\Interceptor->sendMessage()
#11 /var/www/html/vendor/magento/module-sales/Model/Order/Email/Sender.php(86): Magento\Sales\Model\Order\Email\SenderBuilder->send()
#12 /var/www/html/vendor/magento/module-sales/Model/Order/Email/Sender/OrderSender.php(108): Magento\Sales\Model\Order\Email\Sender->checkAndSend(Object(Magento\Sales\Model\Order\Interceptor))
#13 /var/www/html/vendor/magento/module-quote/Observer/SubmitObserver.php(62): Magento\Sales\Model\Order\Email\Sender\OrderSender->send(Object(Magento\Sales\Model\Order\Interceptor))
#14 /var/www/html/generated/code/Magento/Quote/Observer/SubmitObserver/Interceptor.php(23): Magento\Quote\Observer\SubmitObserver->execute(Object(Magento\Framework\Event\Observer))
#15 /var/www/html/vendor/magento/framework/Event/Invoker/InvokerDefault.php(88): Magento\Quote\Observer\SubmitObserver\Interceptor->execute(Object(Magento\Framework\Event\Observer))
#16 /var/www/html/vendor/magento/framework/Event/Invoker/InvokerDefault.php(74): Magento\Framework\Event\Invoker\InvokerDefault->_callObserverMethod(Object(Magento\Quote\Observer\SubmitObserver\Interceptor), Object(Magento\Framework\Event\Observer))
#17 /var/www/html/vendor/magento/framework/Event/Manager.php(65): Magento\Framework\Event\Invoker\InvokerDefault->dispatch(Array, Object(Magento\Framework\Event\Observer))
#18 /var/www/html/generated/code/Magento/Framework/Event/Manager/Proxy.php(105): Magento\Framework\Event\Manager->dispatch('sales_model_ser...', Array)
#19 /var/www/html/vendor/magento/module-quote/Model/QuoteManagement.php(630): Magento\Framework\Event\Manager\Proxy->dispatch('sales_model_ser...', Array)
#20 /var/www/html/vendor/magento/module-quote/Model/QuoteManagement.php(501): Magento\Quote\Model\QuoteManagement->submitQuote(Object(Magento\Quote\Model\Quote\Interceptor), Array)
#21 /var/www/html/vendor/magento/framework/Interception/Interceptor.php(58): Magento\Quote\Model\QuoteManagement->submit(Object(Magento\Quote\Model\Quote\Interceptor), Array)
#22 /var/www/html/vendor/magento/framework/Interception/Interceptor.php(138): Magento\Quote\Model\QuoteManagement\Interceptor->___callParent('submit', Array)
#23 /var/www/html/vendor/magento/module-sales-rule/Plugin/CouponUsagesIncrement.php(54): Magento\Quote\Model\QuoteManagement\Interceptor->Magento\Framework\Interception\{closure}(Object(Magento\Quote\Model\Quote\Interceptor), Array)
#24 /var/www/html/vendor/magento/framework/Interception/Interceptor.php(135): Magento\SalesRule\Plugin\CouponUsagesIncrement->aroundSubmit(Object(Magento\Quote\Model\QuoteManagement\Interceptor), Object(Closure), Object(Magento\Quote\Model\Quote\Interceptor))
#25 /var/www/html/vendor/magento/framework/Interception/Interceptor.php(153): Magento\Quote\Model\QuoteManagement\Interceptor->Magento\Framework\Interception\{closure}(Object(Magento\Quote\Model\Quote\Interceptor))
#26 /var/www/html/generated/code/Magento/Quote/Model/QuoteManagement/Interceptor.php(68): Magento\Quote\Model\QuoteManagement\Interceptor->___callPlugins('submit', Array, NULL)
#27 /var/www/html/vendor/magento/module-quote/Model/QuoteManagement.php(459): Magento\Quote\Model\QuoteManagement\Interceptor->submit(Object(Magento\Quote\Model\Quote\Interceptor))
#28 /var/www/html/vendor/magento/framework/Interception/Interceptor.php(58): Magento\Quote\Model\QuoteManagement->placeOrder(6, NULL)
#29 /var/www/html/vendor/magento/framework/Interception/Interceptor.php(138): Magento\Quote\Model\QuoteManagement\Interceptor->___callParent('placeOrder', Array)
#30 /var/www/html/vendor/paypal/module-braintree-core/Plugin/OrderCancellation.php(64): Magento\Quote\Model\QuoteManagement\Interceptor->Magento\Framework\Interception\{closure}(6, NULL)
#31 /var/www/html/vendor/magento/framework/Interception/Interceptor.php(135): PayPal\Braintree\Plugin\OrderCancellation->aroundPlaceOrder(Object(Magento\Quote\Model\QuoteManagement\Interceptor), Object(Closure), 6)
#32 /var/www/html/vendor/magento/framework/Interception/Interceptor.php(153): Magento\Quote\Model\QuoteManagement\Interceptor->Magento\Framework\Interception\{closure}(6)
#33 /var/www/html/generated/code/Magento/Quote/Model/QuoteManagement/Interceptor.php(50): Magento\Quote\Model\QuoteManagement\Interceptor->___callPlugins('placeOrder', Array, Array)
#34 /var/www/html/vendor/magento/module-checkout/Model/PaymentInformationManagement.php(152): Magento\Quote\Model\QuoteManagement\Interceptor->placeOrder(6)
#35 /var/www/html/vendor/magento/framework/Interception/Interceptor.php(58): Magento\Checkout\Model\PaymentInformationManagement->savePaymentInformationAndPlaceOrder(6, Object(Magento\Quote\Model\Quote\Payment), Object(Magento\Quote\Model\Quote\Address\Interceptor))
#36 /var/www/html/vendor/magento/framework/Interception/Interceptor.php(138): Magento\Checkout\Model\PaymentInformationManagement\Interceptor->___callParent('savePaymentInfo...', Array)
#37 /var/www/html/vendor/magento/framework/Interception/Interceptor.php(153): Magento\Checkout\Model\PaymentInformationManagement\Interceptor->Magento\Framework\Interception\{closure}(6, Object(Magento\Quote\Model\Quote\Payment), Object(Magento\Quote\Model\Quote\Address\Interceptor))
#38 /var/www/html/generated/code/Magento/Checkout/Model/PaymentInformationManagement/Interceptor.php(23): Magento\Checkout\Model\PaymentInformationManagement\Interceptor->___callPlugins('savePaymentInfo...', Array, Array)
#39 [internal function]: Magento\Checkout\Model\PaymentInformationManagement\Interceptor->savePaymentInformationAndPlaceOrder(6, Object(Magento\Quote\Model\Quote\Payment), Object(Magento\Quote\Model\Quote\Address\Interceptor))
#40 /var/www/html/vendor/magento/module-webapi/Controller/Rest/SynchronousRequestProcessor.php(95): call_user_func_array(Array, Array)
#41 /var/www/html/vendor/magento/module-webapi/Controller/Rest.php(201): Magento\Webapi\Controller\Rest\SynchronousRequestProcessor->process(Object(Magento\Framework\Webapi\Rest\Request\Proxy))
#42 /var/www/html/vendor/magento/framework/Interception/Interceptor.php(58): Magento\Webapi\Controller\Rest->dispatch(Object(Magento\Framework\App\Request\Http))
#43 /var/www/html/vendor/magento/framework/Interception/Interceptor.php(138): Magento\Webapi\Controller\Rest\Interceptor->___callParent('dispatch', Array)
#44 /var/www/html/vendor/magento/framework/Interception/Interceptor.php(153): Magento\Webapi\Controller\Rest\Interceptor->Magento\Framework\Interception\{closure}(Object(Magento\Framework\App\Request\Http))
#45 /var/www/html/generated/code/Magento/Webapi/Controller/Rest/Interceptor.php(23): Magento\Webapi\Controller\Rest\Interceptor->___callPlugins('dispatch', Array, Array)
#46 /var/www/html/vendor/magento/framework/App/Http.php(116): Magento\Webapi\Controller\Rest\Interceptor->dispatch(Object(Magento\Framework\App\Request\Http))
#47 /var/www/html/vendor/magento/framework/Interception/Interceptor.php(58): Magento\Framework\App\Http->launch()
#48 /var/www/html/vendor/magento/framework/Interception/Interceptor.php(138): Magento\Framework\App\Http\Interceptor->___callParent('launch', Array)
#49 /var/www/html/vendor/magento/module-application-performance-monitor/Plugin/ApplicationPerformanceMonitor.php(38): Magento\Framework\App\Http\Interceptor->Magento\Framework\Interception\{closure}()
#50 /var/www/html/vendor/magento/framework/Interception/Interceptor.php(135): Magento\ApplicationPerformanceMonitor\Plugin\ApplicationPerformanceMonitor->aroundLaunch(Object(Magento\Framework\App\Http\Interceptor), Object(Closure))
#51 /var/www/html/vendor/magento/framework/Interception/Interceptor.php(153): Magento\Framework\App\Http\Interceptor->Magento\Framework\Interception\{closure}()
#52 /var/www/html/generated/code/Magento/Framework/App/Http/Interceptor.php(23): Magento\Framework\App\Http\Interceptor->___callPlugins('launch', Array, NULL)
#53 /var/www/html/vendor/magento/framework/App/Bootstrap.php(264): Magento\Framework\App\Http\Interceptor->launch()
#54 /var/www/html/pub/index.php(30): Magento\Framework\App\Bootstrap->run(Object(Magento\Framework\App\Http\Interceptor))
#55 {main} {"exception":"[object] (Laminas\\Mail\\Transport\\Exception\\RuntimeException(code: 0): Unable to send mail: Unknown error at /var/www/html/vendor/laminas/laminas-mail/src/Transport/Sendmail.php:313)"} []
[2024-09-17T11:49:09.908110+00:00] main.ERROR: Laminas\Mail\Transport\Exception\RuntimeException: Unable to send mail: Unknown error in /var/www/html/vendor/laminas/laminas-mail/src/Transport/Sendmail.php:313
Stack trace:
#0 /var/www/html/vendor/laminas/laminas-mail/src/Transport/Sendmail.php(150): Laminas\Mail\Transport\Sendmail->mailHandler('=?utf-8?Q?jasim...', '=?UTF-8?Q?Your=...', '<!DOCTYPE html ...', 'Date: Tue, 17 S...', ' -f'sales@examp...')
#1 /var/www/html/vendor/magento/module-email/Model/Transport.php(183): Laminas\Mail\Transport\Sendmail->send(Object(Laminas\Mail\Message))
#2 /var/www/html/vendor/magento/framework/Interception/Interceptor.php(58): Magento\Email\Model\Transport->sendMessage()
#3 /var/www/html/vendor/magento/framework/Interception/Interceptor.php(138): Magento\Email\Model\Transport\Interceptor->___callParent('sendMessage', Array)
#4 /var/www/html/vendor/magento/module-customer-sample-data/Magento/Framework/Mail/Transport/MailPlugin.php(32): Magento\Email\Model\Transport\Interceptor->Magento\Framework\Interception\{closure}()
#5 /var/www/html/vendor/magento/framework/Interception/Interceptor.php(135): Magento\CustomerSampleData\Magento\Framework\Mail\Transport\MailPlugin->aroundSendMessage(Object(Magento\Email\Model\Transport\Interceptor), Object(Closure))
#6 /var/www/html/vendor/magento/module-email/Model/Mail/TransportInterfacePlugin.php(48): Magento\Email\Model\Transport\Interceptor->Magento\Framework\Interception\{closure}()
#7 /var/www/html/vendor/magento/framework/Interception/Interceptor.php(135): Magento\Email\Model\Mail\TransportInterfacePlugin->aroundSendMessage(Object(Magento\Email\Model\Transport\Interceptor), Object(Closure))
#8 /var/www/html/vendor/magento/framework/Interception/Interceptor.php(153): Magento\Email\Model\Transport\Interceptor->Magento\Framework\Interception\{closure}()
#9 /var/www/html/generated/code/Magento/Email/Model/Transport/Interceptor.php(32): Magento\Email\Model\Transport\Interceptor->___callPlugins('sendMessage', Array, NULL)
#10 /var/www/html/vendor/magento/module-sales/Model/Order/Email/SenderBuilder.php(75): Magento\Email\Model\Transport\Interceptor->sendMessage()
#11 /var/www/html/vendor/magento/module-sales/Model/Order/Email/Sender.php(86): Magento\Sales\Model\Order\Email\SenderBuilder->send()
#12 /var/www/html/vendor/magento/module-sales/Model/Order/Email/Sender/OrderSender.php(108): Magento\Sales\Model\Order\Email\Sender->checkAndSend(Object(Magento\Sales\Model\Order\Interceptor))
#13 /var/www/html/vendor/magento/module-quote/Observer/SubmitObserver.php(62): Magento\Sales\Model\Order\Email\Sender\OrderSender->send(Object(Magento\Sales\Model\Order\Interceptor))
#14 /var/www/html/generated/code/Magento/Quote/Observer/SubmitObserver/Interceptor.php(23): Magento\Quote\Observer\SubmitObserver->execute(Object(Magento\Framework\Event\Observer))
#15 /var/www/html/vendor/magento/framework/Event/Invoker/InvokerDefault.php(88): Magento\Quote\Observer\SubmitObserver\Interceptor->execute(Object(Magento\Framework\Event\Observer))
#16 /var/www/html/vendor/magento/framework/Event/Invoker/InvokerDefault.php(74): Magento\Framework\Event\Invoker\InvokerDefault->_callObserverMethod(Object(Magento\Quote\Observer\SubmitObserver\Interceptor), Object(Magento\Framework\Event\Observer))
#17 /var/www/html/vendor/magento/framework/Event/Manager.php(65): Magento\Framework\Event\Invoker\InvokerDefault->dispatch(Array, Object(Magento\Framework\Event\Observer))
#18 /var/www/html/generated/code/Magento/Framework/Event/Manager/Proxy.php(105): Magento\Framework\Event\Manager->dispatch('sales_model_ser...', Array)
#19 /var/www/html/vendor/magento/module-quote/Model/QuoteManagement.php(630): Magento\Framework\Event\Manager\Proxy->dispatch('sales_model_ser...', Array)
#20 /var/www/html/vendor/magento/module-quote/Model/QuoteManagement.php(501): Magento\Quote\Model\QuoteManagement->submitQuote(Object(Magento\Quote\Model\Quote\Interceptor), Array)
#21 /var/www/html/vendor/magento/framework/Interception/Interceptor.php(58): Magento\Quote\Model\QuoteManagement->submit(Object(Magento\Quote\Model\Quote\Interceptor), Array)
#22 /var/www/html/vendor/magento/framework/Interception/Interceptor.php(138): Magento\Quote\Model\QuoteManagement\Interceptor->___callParent('submit', Array)
#23 /var/www/html/vendor/magento/module-sales-rule/Plugin/CouponUsagesIncrement.php(54): Magento\Quote\Model\QuoteManagement\Interceptor->Magento\Framework\Interception\{closure}(Object(Magento\Quote\Model\Quote\Interceptor), Array)
#24 /var/www/html/vendor/magento/framework/Interception/Interceptor.php(135): Magento\SalesRule\Plugin\CouponUsagesIncrement->aroundSubmit(Object(Magento\Quote\Model\QuoteManagement\Interceptor), Object(Closure), Object(Magento\Quote\Model\Quote\Interceptor))
#25 /var/www/html/vendor/magento/framework/Interception/Interceptor.php(153): Magento\Quote\Model\QuoteManagement\Interceptor->Magento\Framework\Interception\{closure}(Object(Magento\Quote\Model\Quote\Interceptor))
#26 /var/www/html/generated/code/Magento/Quote/Model/QuoteManagement/Interceptor.php(68): Magento\Quote\Model\QuoteManagement\Interceptor->___callPlugins('submit', Array, NULL)
#27 /var/www/html/vendor/magento/module-quote/Model/QuoteManagement.php(459): Magento\Quote\Model\QuoteManagement\Interceptor->submit(Object(Magento\Quote\Model\Quote\Interceptor))
#28 /var/www/html/vendor/magento/framework/Interception/Interceptor.php(58): Magento\Quote\Model\QuoteManagement->placeOrder(25, NULL)
#29 /var/www/html/vendor/magento/framework/Interception/Interceptor.php(138): Magento\Quote\Model\QuoteManagement\Interceptor->___callParent('placeOrder', Array)
#30 /var/www/html/vendor/paypal/module-braintree-core/Plugin/OrderCancellation.php(64): Magento\Quote\Model\QuoteManagement\Interceptor->Magento\Framework\Interception\{closure}(25, NULL)
#31 /var/www/html/vendor/magento/framework/Interception/Interceptor.php(135): PayPal\Braintree\Plugin\OrderCancellation->aroundPlaceOrder(Object(Magento\Quote\Model\QuoteManagement\Interceptor), Object(Closure), 25)
#32 /var/www/html/vendor/magento/framework/Interception/Interceptor.php(153): Magento\Quote\Model\QuoteManagement\Interceptor->Magento\Framework\Interception\{closure}(25)
#33 /var/www/html/generated/code/Magento/Quote/Model/QuoteManagement/Interceptor.php(50): Magento\Quote\Model\QuoteManagement\Interceptor->___callPlugins('placeOrder', Array, Array)
#34 /var/www/html/vendor/magento/module-checkout/Model/PaymentInformationManagement.php(152): Magento\Quote\Model\QuoteManagement\Interceptor->placeOrder(25)
#35 /var/www/html/vendor/magento/framework/Interception/Interceptor.php(58): Magento\Checkout\Model\PaymentInformationManagement->savePaymentInformationAndPlaceOrder(25, Object(Magento\Quote\Model\Quote\Payment), Object(Magento\Quote\Model\Quote\Address\Interceptor))
#36 /var/www/html/vendor/magento/framework/Interception/Interceptor.php(138): Magento\Checkout\Model\PaymentInformationManagement\Interceptor->___callParent('savePaymentInfo...', Array)
#37 /var/www/html/vendor/magento/framework/Interception/Interceptor.php(153): Magento\Checkout\Model\PaymentInformationManagement\Interceptor->Magento\Framework\Interception\{closure}(25, Object(Magento\Quote\Model\Quote\Payment), Object(Magento\Quote\Model\Quote\Address\Interceptor))
#38 /var/www/html/generated/code/Magento/Checkout/Model/PaymentInformationManagement/Interceptor.php(23): Magento\Checkout\Model\PaymentInformationManagement\Interceptor->___callPlugins('savePaymentInfo...', Array, Array)
#39 [internal function]: Magento\Checkout\Model\PaymentInformationManagement\Interceptor->savePaymentInformationAndPlaceOrder(25, Object(Magento\Quote\Model\Quote\Payment), Object(Magento\Quote\Model\Quote\Address\Interceptor))
#40 /var/www/html/vendor/magento/module-webapi/Controller/Rest/SynchronousRequestProcessor.php(95): call_user_func_array(Array, Array)
#41 /var/www/html/vendor/magento/module-webapi/Controller/Rest.php(201): Magento\Webapi\Controller\Rest\SynchronousRequestProcessor->process(Object(Magento\Framework\Webapi\Rest\Request\Proxy))
#42 /var/www/html/vendor/magento/framework/Interception/Interceptor.php(58): Magento\Webapi\Controller\Rest->dispatch(Object(Magento\Framework\App\Request\Http))
#43 /var/www/html/vendor/magento/framework/Interception/Interceptor.php(138): Magento\Webapi\Controller\Rest\Interceptor->___callParent('dispatch', Array)
#44 /var/www/html/vendor/magento/framework/Interception/Interceptor.php(153): Magento\Webapi\Controller\Rest\Interceptor->Magento\Framework\Interception\{closure}(Object(Magento\Framework\App\Request\Http))
#45 /var/www/html/generated/code/Magento/Webapi/Controller/Rest/Interceptor.php(23): Magento\Webapi\Controller\Rest\Interceptor->___callPlugins('dispatch', Array, Array)
#46 /var/www/html/vendor/magento/framework/App/Http.php(116): Magento\Webapi\Controller\Rest\Interceptor->dispatch(Object(Magento\Framework\App\Request\Http))
#47 /var/www/html/vendor/magento/framework/Interception/Interceptor.php(58): Magento\Framework\App\Http->launch()
#48 /var/www/html/vendor/magento/framework/Interception/Interceptor.php(138): Magento\Framework\App\Http\Interceptor->___callParent('launch', Array)
#49 /var/www/html/vendor/magento/module-application-performance-monitor/Plugin/ApplicationPerformanceMonitor.php(38): Magento\Framework\App\Http\Interceptor->Magento\Framework\Interception\{closure}()
#50 /var/www/html/vendor/magento/framework/Interception/Interceptor.php(135): Magento\ApplicationPerformanceMonitor\Plugin\ApplicationPerformanceMonitor->aroundLaunch(Object(Magento\Framework\App\Http\Interceptor), Object(Closure))
#51 /var/www/html/vendor/magento/framework/Interception/Interceptor.php(153): Magento\Framework\App\Http\Interceptor->Magento\Framework\Interception\{closure}()
#52 /var/www/html/generated/code/Magento/Framework/App/Http/Interceptor.php(23): Magento\Framework\App\Http\Interceptor->___callPlugins('launch', Array, NULL)
#53 /var/www/html/vendor/magento/framework/App/Bootstrap.php(264): Magento\Framework\App\Http\Interceptor->launch()
#54 /var/www/html/pub/index.php(30): Magento\Framework\App\Bootstrap->run(Object(Magento\Framework\App\Http\Interceptor))
#55 {main} {"exception":"[object] (Laminas\\Mail\\Transport\\Exception\\RuntimeException(code: 0): Unable to send mail: Unknown error at /var/www/html/vendor/laminas/laminas-mail/src/Transport/Sendmail.php:313)"} []
[2024-09-17T12:48:13.703573+00:00] main.ERROR: Laminas\Mail\Transport\Exception\RuntimeException: Unable to send mail: Unknown error in /var/www/html/vendor/laminas/laminas-mail/src/Transport/Sendmail.php:313
Stack trace:
#0 /var/www/html/vendor/laminas/laminas-mail/src/Transport/Sendmail.php(150): Laminas\Mail\Transport\Sendmail->mailHandler('=?utf-8?Q?jasim...', '=?UTF-8?Q?Your=...', '<!DOCTYPE html ...', 'Date: Tue, 17 S...', ' -f'sales@examp...')
#1 /var/www/html/vendor/magento/module-email/Model/Transport.php(183): Laminas\Mail\Transport\Sendmail->send(Object(Laminas\Mail\Message))
#2 /var/www/html/vendor/magento/framework/Interception/Interceptor.php(58): Magento\Email\Model\Transport->sendMessage()
#3 /var/www/html/vendor/magento/framework/Interception/Interceptor.php(138): Magento\Email\Model\Transport\Interceptor->___callParent('sendMessage', Array)
#4 /var/www/html/vendor/magento/module-customer-sample-data/Magento/Framework/Mail/Transport/MailPlugin.php(32): Magento\Email\Model\Transport\Interceptor->Magento\Framework\Interception\{closure}()
#5 /var/www/html/vendor/magento/framework/Interception/Interceptor.php(135): Magento\CustomerSampleData\Magento\Framework\Mail\Transport\MailPlugin->aroundSendMessage(Object(Magento\Email\Model\Transport\Interceptor), Object(Closure))
#6 /var/www/html/vendor/magento/module-email/Model/Mail/TransportInterfacePlugin.php(48): Magento\Email\Model\Transport\Interceptor->Magento\Framework\Interception\{closure}()
#7 /var/www/html/vendor/magento/framework/Interception/Interceptor.php(135): Magento\Email\Model\Mail\TransportInterfacePlugin->aroundSendMessage(Object(Magento\Email\Model\Transport\Interceptor), Object(Closure))
#8 /var/www/html/vendor/magento/framework/Interception/Interceptor.php(153): Magento\Email\Model\Transport\Interceptor->Magento\Framework\Interception\{closure}()
#9 /var/www/html/generated/code/Magento/Email/Model/Transport/Interceptor.php(32): Magento\Email\Model\Transport\Interceptor->___callPlugins('sendMessage', Array, NULL)
#10 /var/www/html/vendor/magento/module-sales/Model/Order/Email/SenderBuilder.php(75): Magento\Email\Model\Transport\Interceptor->sendMessage()
#11 /var/www/html/vendor/magento/module-sales/Model/Order/Email/Sender.php(86): Magento\Sales\Model\Order\Email\SenderBuilder->send()
#12 /var/www/html/vendor/magento/module-sales/Model/Order/Email/Sender/OrderSender.php(108): Magento\Sales\Model\Order\Email\Sender->checkAndSend(Object(Magento\Sales\Model\Order\Interceptor))
#13 /var/www/html/vendor/magento/module-quote/Observer/SubmitObserver.php(62): Magento\Sales\Model\Order\Email\Sender\OrderSender->send(Object(Magento\Sales\Model\Order\Interceptor))
#14 /var/www/html/generated/code/Magento/Quote/Observer/SubmitObserver/Interceptor.php(23): Magento\Quote\Observer\SubmitObserver->execute(Object(Magento\Framework\Event\Observer))
#15 /var/www/html/vendor/magento/framework/Event/Invoker/InvokerDefault.php(88): Magento\Quote\Observer\SubmitObserver\Interceptor->execute(Object(Magento\Framework\Event\Observer))
#16 /var/www/html/vendor/magento/framework/Event/Invoker/InvokerDefault.php(74): Magento\Framework\Event\Invoker\InvokerDefault->_callObserverMethod(Object(Magento\Quote\Observer\SubmitObserver\Interceptor), Object(Magento\Framework\Event\Observer))
#17 /var/www/html/vendor/magento/framework/Event/Manager.php(65): Magento\Framework\Event\Invoker\InvokerDefault->dispatch(Array, Object(Magento\Framework\Event\Observer))
#18 /var/www/html/generated/code/Magento/Framework/Event/Manager/Proxy.php(105): Magento\Framework\Event\Manager->dispatch('sales_model_ser...', Array)
#19 /var/www/html/vendor/magento/module-quote/Model/QuoteManagement.php(630): Magento\Framework\Event\Manager\Proxy->dispatch('sales_model_ser...', Array)
#20 /var/www/html/vendor/magento/module-quote/Model/QuoteManagement.php(501): Magento\Quote\Model\QuoteManagement->submitQuote(Object(Magento\Quote\Model\Quote\Interceptor), Array)
#21 /var/www/html/vendor/magento/framework/Interception/Interceptor.php(58): Magento\Quote\Model\QuoteManagement->submit(Object(Magento\Quote\Model\Quote\Interceptor), Array)
#22 /var/www/html/vendor/magento/framework/Interception/Interceptor.php(138): Magento\Quote\Model\QuoteManagement\Interceptor->___callParent('submit', Array)
#23 /var/www/html/vendor/magento/module-sales-rule/Plugin/CouponUsagesIncrement.php(54): Magento\Quote\Model\QuoteManagement\Interceptor->Magento\Framework\Interception\{closure}(Object(Magento\Quote\Model\Quote\Interceptor), Array)
#24 /var/www/html/vendor/magento/framework/Interception/Interceptor.php(135): Magento\SalesRule\Plugin\CouponUsagesIncrement->aroundSubmit(Object(Magento\Quote\Model\QuoteManagement\Interceptor), Object(Closure), Object(Magento\Quote\Model\Quote\Interceptor))
#25 /var/www/html/vendor/magento/framework/Interception/Interceptor.php(153): Magento\Quote\Model\QuoteManagement\Interceptor->Magento\Framework\Interception\{closure}(Object(Magento\Quote\Model\Quote\Interceptor))
#26 /var/www/html/generated/code/Magento/Quote/Model/QuoteManagement/Interceptor.php(68): Magento\Quote\Model\QuoteManagement\Interceptor->___callPlugins('submit', Array, NULL)
#27 /var/www/html/vendor/magento/module-quote/Model/QuoteManagement.php(459): Magento\Quote\Model\QuoteManagement\Interceptor->submit(Object(Magento\Quote\Model\Quote\Interceptor))
#28 /var/www/html/vendor/magento/framework/Interception/Interceptor.php(58): Magento\Quote\Model\QuoteManagement->placeOrder(26, NULL)
#29 /var/www/html/vendor/magento/framework/Interception/Interceptor.php(138): Magento\Quote\Model\QuoteManagement\Interceptor->___callParent('placeOrder', Array)
#30 /var/www/html/vendor/paypal/module-braintree-core/Plugin/OrderCancellation.php(64): Magento\Quote\Model\QuoteManagement\Interceptor->Magento\Framework\Interception\{closure}(26, NULL)
#31 /var/www/html/vendor/magento/framework/Interception/Interceptor.php(135): PayPal\Braintree\Plugin\OrderCancellation->aroundPlaceOrder(Object(Magento\Quote\Model\QuoteManagement\Interceptor), Object(Closure), 26)
#32 /var/www/html/vendor/magento/framework/Interception/Interceptor.php(153): Magento\Quote\Model\QuoteManagement\Interceptor->Magento\Framework\Interception\{closure}(26)
#33 /var/www/html/generated/code/Magento/Quote/Model/QuoteManagement/Interceptor.php(50): Magento\Quote\Model\QuoteManagement\Interceptor->___callPlugins('placeOrder', Array, Array)
#34 /var/www/html/vendor/magento/module-checkout/Model/PaymentInformationManagement.php(152): Magento\Quote\Model\QuoteManagement\Interceptor->placeOrder(26)
#35 /var/www/html/vendor/magento/framework/Interception/Interceptor.php(58): Magento\Checkout\Model\PaymentInformationManagement->savePaymentInformationAndPlaceOrder(26, Object(Magento\Quote\Model\Quote\Payment), Object(Magento\Quote\Model\Quote\Address\Interceptor))
#36 /var/www/html/vendor/magento/framework/Interception/Interceptor.php(138): Magento\Checkout\Model\PaymentInformationManagement\Interceptor->___callParent('savePaymentInfo...', Array)
#37 /var/www/html/vendor/magento/framework/Interception/Interceptor.php(153): Magento\Checkout\Model\PaymentInformationManagement\Interceptor->Magento\Framework\Interception\{closure}(26, Object(Magento\Quote\Model\Quote\Payment), Object(Magento\Quote\Model\Quote\Address\Interceptor))
#38 /var/www/html/generated/code/Magento/Checkout/Model/PaymentInformationManagement/Interceptor.php(23): Magento\Checkout\Model\PaymentInformationManagement\Interceptor->___callPlugins('savePaymentInfo...', Array, Array)
#39 [internal function]: Magento\Checkout\Model\PaymentInformationManagement\Interceptor->savePaymentInformationAndPlaceOrder(26, Object(Magento\Quote\Model\Quote\Payment), Object(Magento\Quote\Model\Quote\Address\Interceptor))
#40 /var/www/html/vendor/magento/module-webapi/Controller/Rest/SynchronousRequestProcessor.php(95): call_user_func_array(Array, Array)
#41 /var/www/html/vendor/magento/module-webapi/Controller/Rest.php(201): Magento\Webapi\Controller\Rest\SynchronousRequestProcessor->process(Object(Magento\Framework\Webapi\Rest\Request\Proxy))
#42 /var/www/html/vendor/magento/framework/Interception/Interceptor.php(58): Magento\Webapi\Controller\Rest->dispatch(Object(Magento\Framework\App\Request\Http))
#43 /var/www/html/vendor/magento/framework/Interception/Interceptor.php(138): Magento\Webapi\Controller\Rest\Interceptor->___callParent('dispatch', Array)
#44 /var/www/html/vendor/magento/framework/Interception/Interceptor.php(153): Magento\Webapi\Controller\Rest\Interceptor->Magento\Framework\Interception\{closure}(Object(Magento\Framework\App\Request\Http))
#45 /var/www/html/generated/code/Magento/Webapi/Controller/Rest/Interceptor.php(23): Magento\Webapi\Controller\Rest\Interceptor->___callPlugins('dispatch', Array, Array)
#46 /var/www/html/vendor/magento/framework/App/Http.php(116): Magento\Webapi\Controller\Rest\Interceptor->dispatch(Object(Magento\Framework\App\Request\Http))
#47 /var/www/html/vendor/magento/framework/Interception/Interceptor.php(58): Magento\Framework\App\Http->launch()
#48 /var/www/html/vendor/magento/framework/Interception/Interceptor.php(138): Magento\Framework\App\Http\Interceptor->___callParent('launch', Array)
#49 /var/www/html/vendor/magento/module-application-performance-monitor/Plugin/ApplicationPerformanceMonitor.php(38): Magento\Framework\App\Http\Interceptor->Magento\Framework\Interception\{closure}()
#50 /var/www/html/vendor/magento/framework/Interception/Interceptor.php(135): Magento\ApplicationPerformanceMonitor\Plugin\ApplicationPerformanceMonitor->aroundLaunch(Object(Magento\Framework\App\Http\Interceptor), Object(Closure))
#51 /var/www/html/vendor/magento/framework/Interception/Interceptor.php(153): Magento\Framework\App\Http\Interceptor->Magento\Framework\Interception\{closure}()
#52 /var/www/html/generated/code/Magento/Framework/App/Http/Interceptor.php(23): Magento\Framework\App\Http\Interceptor->___callPlugins('launch', Array, NULL)
#53 /var/www/html/vendor/magento/framework/App/Bootstrap.php(264): Magento\Framework\App\Http\Interceptor->launch()
#54 /var/www/html/pub/index.php(30): Magento\Framework\App\Bootstrap->run(Object(Magento\Framework\App\Http\Interceptor))
#55 {main} {"exception":"[object] (Laminas\\Mail\\Transport\\Exception\\RuntimeException(code: 0): Unable to send mail: Unknown error at /var/www/html/vendor/laminas/laminas-mail/src/Transport/Sendmail.php:313)"} []
[2024-09-18T06:51:53.890663+00:00] main.ERROR: Laminas\Mail\Transport\Exception\RuntimeException: Unable to send mail: Unknown error in /var/www/html/vendor/laminas/laminas-mail/src/Transport/Sendmail.php:313
Stack trace:
#0 /var/www/html/vendor/laminas/laminas-mail/src/Transport/Sendmail.php(150): Laminas\Mail\Transport\Sendmail->mailHandler('=?utf-8?Q?jasim...', '=?UTF-8?Q?Your=...', '<!DOCTYPE html ...', 'Date: Wed, 18 S...', ' -f'sales@examp...')
#1 /var/www/html/vendor/magento/module-email/Model/Transport.php(183): Laminas\Mail\Transport\Sendmail->send(Object(Laminas\Mail\Message))
#2 /var/www/html/vendor/magento/framework/Interception/Interceptor.php(58): Magento\Email\Model\Transport->sendMessage()
#3 /var/www/html/vendor/magento/framework/Interception/Interceptor.php(138): Magento\Email\Model\Transport\Interceptor->___callParent('sendMessage', Array)
#4 /var/www/html/vendor/magento/module-customer-sample-data/Magento/Framework/Mail/Transport/MailPlugin.php(32): Magento\Email\Model\Transport\Interceptor->Magento\Framework\Interception\{closure}()
#5 /var/www/html/vendor/magento/framework/Interception/Interceptor.php(135): Magento\CustomerSampleData\Magento\Framework\Mail\Transport\MailPlugin->aroundSendMessage(Object(Magento\Email\Model\Transport\Interceptor), Object(Closure))
#6 /var/www/html/vendor/magento/module-email/Model/Mail/TransportInterfacePlugin.php(48): Magento\Email\Model\Transport\Interceptor->Magento\Framework\Interception\{closure}()
#7 /var/www/html/vendor/magento/framework/Interception/Interceptor.php(135): Magento\Email\Model\Mail\TransportInterfacePlugin->aroundSendMessage(Object(Magento\Email\Model\Transport\Interceptor), Object(Closure))
#8 /var/www/html/vendor/magento/framework/Interception/Interceptor.php(153): Magento\Email\Model\Transport\Interceptor->Magento\Framework\Interception\{closure}()
#9 /var/www/html/generated/code/Magento/Email/Model/Transport/Interceptor.php(32): Magento\Email\Model\Transport\Interceptor->___callPlugins('sendMessage', Array, NULL)
#10 /var/www/html/vendor/magento/module-sales/Model/Order/Email/SenderBuilder.php(75): Magento\Email\Model\Transport\Interceptor->sendMessage()
#11 /var/www/html/vendor/magento/module-sales/Model/Order/Email/Sender.php(86): Magento\Sales\Model\Order\Email\SenderBuilder->send()
#12 /var/www/html/vendor/magento/module-sales/Model/Order/Email/Sender/OrderSender.php(108): Magento\Sales\Model\Order\Email\Sender->checkAndSend(Object(Magento\Sales\Model\Order\Interceptor))
#13 /var/www/html/vendor/magento/module-quote/Observer/SubmitObserver.php(62): Magento\Sales\Model\Order\Email\Sender\OrderSender->send(Object(Magento\Sales\Model\Order\Interceptor))
#14 /var/www/html/generated/code/Magento/Quote/Observer/SubmitObserver/Interceptor.php(23): Magento\Quote\Observer\SubmitObserver->execute(Object(Magento\Framework\Event\Observer))
#15 /var/www/html/vendor/magento/framework/Event/Invoker/InvokerDefault.php(88): Magento\Quote\Observer\SubmitObserver\Interceptor->execute(Object(Magento\Framework\Event\Observer))
#16 /var/www/html/vendor/magento/framework/Event/Invoker/InvokerDefault.php(74): Magento\Framework\Event\Invoker\InvokerDefault->_callObserverMethod(Object(Magento\Quote\Observer\SubmitObserver\Interceptor), Object(Magento\Framework\Event\Observer))
#17 /var/www/html/vendor/magento/framework/Event/Manager.php(65): Magento\Framework\Event\Invoker\InvokerDefault->dispatch(Array, Object(Magento\Framework\Event\Observer))
#18 /var/www/html/generated/code/Magento/Framework/Event/Manager/Proxy.php(105): Magento\Framework\Event\Manager->dispatch('sales_model_ser...', Array)
#19 /var/www/html/vendor/magento/module-quote/Model/QuoteManagement.php(630): Magento\Framework\Event\Manager\Proxy->dispatch('sales_model_ser...', Array)
#20 /var/www/html/vendor/magento/module-quote/Model/QuoteManagement.php(501): Magento\Quote\Model\QuoteManagement->submitQuote(Object(Magento\Quote\Model\Quote\Interceptor), Array)
#21 /var/www/html/vendor/magento/framework/Interception/Interceptor.php(58): Magento\Quote\Model\QuoteManagement->submit(Object(Magento\Quote\Model\Quote\Interceptor), Array)
#22 /var/www/html/vendor/magento/framework/Interception/Interceptor.php(138): Magento\Quote\Model\QuoteManagement\Interceptor->___callParent('submit', Array)
#23 /var/www/html/vendor/magento/module-sales-rule/Plugin/CouponUsagesIncrement.php(54): Magento\Quote\Model\QuoteManagement\Interceptor->Magento\Framework\Interception\{closure}(Object(Magento\Quote\Model\Quote\Interceptor), Array)
#24 /var/www/html/vendor/magento/framework/Interception/Interceptor.php(135): Magento\SalesRule\Plugin\CouponUsagesIncrement->aroundSubmit(Object(Magento\Quote\Model\QuoteManagement\Interceptor), Object(Closure), Object(Magento\Quote\Model\Quote\Interceptor))
#25 /var/www/html/vendor/magento/framework/Interception/Interceptor.php(153): Magento\Quote\Model\QuoteManagement\Interceptor->Magento\Framework\Interception\{closure}(Object(Magento\Quote\Model\Quote\Interceptor))
#26 /var/www/html/generated/code/Magento/Quote/Model/QuoteManagement/Interceptor.php(68): Magento\Quote\Model\QuoteManagement\Interceptor->___callPlugins('submit', Array, NULL)
#27 /var/www/html/vendor/magento/module-quote/Model/QuoteManagement.php(459): Magento\Quote\Model\QuoteManagement\Interceptor->submit(Object(Magento\Quote\Model\Quote\Interceptor))
#28 /var/www/html/vendor/magento/framework/Interception/Interceptor.php(58): Magento\Quote\Model\QuoteManagement->placeOrder(27, NULL)
#29 /var/www/html/vendor/magento/framework/Interception/Interceptor.php(138): Magento\Quote\Model\QuoteManagement\Interceptor->___callParent('placeOrder', Array)
#30 /var/www/html/vendor/paypal/module-braintree-core/Plugin/OrderCancellation.php(64): Magento\Quote\Model\QuoteManagement\Interceptor->Magento\Framework\Interception\{closure}(27, NULL)
#31 /var/www/html/vendor/magento/framework/Interception/Interceptor.php(135): PayPal\Braintree\Plugin\OrderCancellation->aroundPlaceOrder(Object(Magento\Quote\Model\QuoteManagement\Interceptor), Object(Closure), 27)
#32 /var/www/html/vendor/magento/framework/Interception/Interceptor.php(153): Magento\Quote\Model\QuoteManagement\Interceptor->Magento\Framework\Interception\{closure}(27)
#33 /var/www/html/generated/code/Magento/Quote/Model/QuoteManagement/Interceptor.php(50): Magento\Quote\Model\QuoteManagement\Interceptor->___callPlugins('placeOrder', Array, Array)
#34 /var/www/html/vendor/magento/module-checkout/Model/PaymentInformationManagement.php(152): Magento\Quote\Model\QuoteManagement\Interceptor->placeOrder(27)
#35 /var/www/html/vendor/magento/framework/Interception/Interceptor.php(58): Magento\Checkout\Model\PaymentInformationManagement->savePaymentInformationAndPlaceOrder(27, Object(Magento\Quote\Model\Quote\Payment), Object(Magento\Quote\Model\Quote\Address\Interceptor))
#36 /var/www/html/vendor/magento/framework/Interception/Interceptor.php(138): Magento\Checkout\Model\PaymentInformationManagement\Interceptor->___callParent('savePaymentInfo...', Array)
#37 /var/www/html/vendor/magento/framework/Interception/Interceptor.php(153): Magento\Checkout\Model\PaymentInformationManagement\Interceptor->Magento\Framework\Interception\{closure}(27, Object(Magento\Quote\Model\Quote\Payment), Object(Magento\Quote\Model\Quote\Address\Interceptor))
#38 /var/www/html/generated/code/Magento/Checkout/Model/PaymentInformationManagement/Interceptor.php(23): Magento\Checkout\Model\PaymentInformationManagement\Interceptor->___callPlugins('savePaymentInfo...', Array, Array)
#39 [internal function]: Magento\Checkout\Model\PaymentInformationManagement\Interceptor->savePaymentInformationAndPlaceOrder(27, Object(Magento\Quote\Model\Quote\Payment), Object(Magento\Quote\Model\Quote\Address\Interceptor))
#40 /var/www/html/vendor/magento/module-webapi/Controller/Rest/SynchronousRequestProcessor.php(95): call_user_func_array(Array, Array)
#41 /var/www/html/vendor/magento/module-webapi/Controller/Rest.php(201): Magento\Webapi\Controller\Rest\SynchronousRequestProcessor->process(Object(Magento\Framework\Webapi\Rest\Request\Proxy))
#42 /var/www/html/vendor/magento/framework/Interception/Interceptor.php(58): Magento\Webapi\Controller\Rest->dispatch(Object(Magento\Framework\App\Request\Http))
#43 /var/www/html/vendor/magento/framework/Interception/Interceptor.php(138): Magento\Webapi\Controller\Rest\Interceptor->___callParent('dispatch', Array)
#44 /var/www/html/vendor/magento/framework/Interception/Interceptor.php(153): Magento\Webapi\Controller\Rest\Interceptor->Magento\Framework\Interception\{closure}(Object(Magento\Framework\App\Request\Http))
#45 /var/www/html/generated/code/Magento/Webapi/Controller/Rest/Interceptor.php(23): Magento\Webapi\Controller\Rest\Interceptor->___callPlugins('dispatch', Array, Array)
#46 /var/www/html/vendor/magento/framework/App/Http.php(116): Magento\Webapi\Controller\Rest\Interceptor->dispatch(Object(Magento\Framework\App\Request\Http))
#47 /var/www/html/vendor/magento/framework/Interception/Interceptor.php(58): Magento\Framework\App\Http->launch()
#48 /var/www/html/vendor/magento/framework/Interception/Interceptor.php(138): Magento\Framework\App\Http\Interceptor->___callParent('launch', Array)
#49 /var/www/html/vendor/magento/module-application-performance-monitor/Plugin/ApplicationPerformanceMonitor.php(38): Magento\Framework\App\Http\Interceptor->Magento\Framework\Interception\{closure}()
#50 /var/www/html/vendor/magento/framework/Interception/Interceptor.php(135): Magento\ApplicationPerformanceMonitor\Plugin\ApplicationPerformanceMonitor->aroundLaunch(Object(Magento\Framework\App\Http\Interceptor), Object(Closure))
#51 /var/www/html/vendor/magento/framework/Interception/Interceptor.php(153): Magento\Framework\App\Http\Interceptor->Magento\Framework\Interception\{closure}()
#52 /var/www/html/generated/code/Magento/Framework/App/Http/Interceptor.php(23): Magento\Framework\App\Http\Interceptor->___callPlugins('launch', Array, NULL)
#53 /var/www/html/vendor/magento/framework/App/Bootstrap.php(264): Magento\Framework\App\Http\Interceptor->launch()
#54 /var/www/html/pub/index.php(30): Magento\Framework\App\Bootstrap->run(Object(Magento\Framework\App\Http\Interceptor))
#55 {main} {"exception":"[object] (Laminas\\Mail\\Transport\\Exception\\RuntimeException(code: 0): Unable to send mail: Unknown error at /var/www/html/vendor/laminas/laminas-mail/src/Transport/Sendmail.php:313)"} []
